<?xml version="1.0" encoding="UTF-8"?>
<testsuite name="com.example.MatrixMathematicsTests" tests="4" skipped="0" failures="0" errors="0" timestamp="2018-12-03T09:48:15" hostname="DESKTOP-M8LNQDC" time="0.012">
  <properties/>
  <testcase name="testDeterminant_Exception" classname="com.example.MatrixMathematicsTests" time="0.007"/>
  <testcase name="testDeterminant" classname="com.example.MatrixMathematicsTests" time="0.0"/>
  <testcase name="testCofactor" classname="com.example.MatrixMathematicsTests" time="0.004"/>
  <testcase name="testDeterminant_size" classname="com.example.MatrixMathematicsTests" time="0.0"/>
  <system-out><![CDATA[]]></system-out>
  <system-err><![CDATA[]]></system-err>
</testsuite>
